# JRE version: Java(TM) SE Runtime Environment (8.0_25-b17) (build 1.8.0_25-b17)
# Java VM: Java HotSpot(TM) 64-Bit Server VM (25.25-b02 mixed mode bsd-amd64 compressed oops)
Heap:
 PSYoungGen      total 246272K, used 10689K [0x00000007a0000000, 0x00000007b4b00000, 0x00000007c0000000)
  eden space 224256K, 0% used [0x00000007a0000000,0x00000007a0000000,0x00000007adb00000)
  from space 22016K, 48% used [0x00000007adb00000,0x00000007ae5704c0,0x00000007af080000)
  to   space 20992K, 0% used [0x00000007b3680000,0x00000007b3680000,0x00000007b4b00000)
 ParOldGen       total 100864K, used 35125K [0x0000000760000000, 0x0000000766280000, 0x00000007a0000000)
  object space 100864K, 34% used [0x0000000760000000,0x000000076224d5a8,0x0000000766280000)
 Metaspace       used 57381K, capacity 59090K, committed 59160K, reserved 1099776K
  class space    used 7911K, capacity 8308K, committed 8320K, reserved 1048576K
GC Heap History (10 events):
Event: 17.793 GC heap after
Heap after GC invocations=11 (full 2):
 PSYoungGen      total 169472K, used 13792K [0x00000007a0000000, 0x00000007ad700000, 0x00000007c0000000)
  eden space 155648K, 0% used [0x00000007a0000000,0x00000007a0000000,0x00000007a9800000)
  from space 13824K, 99% used [0x00000007a9800000,0x00000007aa578258,0x00000007aa580000)
  to   space 16384K, 0% used [0x00000007ac700000,0x00000007ac700000,0x00000007ad700000)
 ParOldGen       total 100864K, used 21367K [0x0000000760000000, 0x0000000766280000, 0x00000007a0000000)
  object space 100864K, 21% used [0x0000000760000000,0x00000007614ddd28,0x0000000766280000)
 Metaspace       used 46306K, capacity 47284K, committed 47488K, reserved 1089536K
  class space    used 6425K, capacity 6679K, committed 6784K, reserved 1048576K
}
Event: 20.547 GC heap before
{Heap before GC invocations=12 (full 2):
 PSYoungGen      total 169472K, used 169440K [0x00000007a0000000, 0x00000007ad700000, 0x00000007c0000000)
  eden space 155648K, 100% used [0x00000007a0000000,0x00000007a9800000,0x00000007a9800000)
  from space 13824K, 99% used [0x00000007a9800000,0x00000007aa578258,0x00000007aa580000)
  to   space 16384K, 0% used [0x00000007ac700000,0x00000007ac700000,0x00000007ad700000)
 ParOldGen       total 100864K, used 21367K [0x0000000760000000, 0x0000000766280000, 0x00000007a0000000)
  object space 100864K, 21% used [0x0000000760000000,0x00000007614ddd28,0x0000000766280000)
 Metaspace       used 47096K, capacity 48142K, committed 48384K, reserved 1091584K
  class space    used 6513K, capacity 6802K, committed 6912K, reserved 1048576K
Event: 20.565 GC heap after
Heap after GC invocations=12 (full 2):
 PSYoungGen      total 202240K, used 15011K [0x00000007a0000000, 0x00000007ad880000, 0x00000007c0000000)
  eden space 185856K, 0% used [0x00000007a0000000,0x00000007a0000000,0x00000007ab580000)
  from space 16384K, 91% used [0x00000007ac700000,0x00000007ad5a8dc0,0x00000007ad700000)
  to   space 17920K, 0% used [0x00000007ab580000,0x00000007ab580000,0x00000007ac700000)
 ParOldGen       total 100864K, used 21439K [0x0000000760000000, 0x0000000766280000, 0x00000007a0000000)
  object space 100864K, 21% used [0x0000000760000000,0x00000007614efd38,0x0000000766280000)
 Metaspace       used 47096K, capacity 48142K, committed 48384K, reserved 1091584K
  class space    used 6513K, capacity 6802K, committed 6912K, reserved 1048576K
}
Event: 26.670 GC heap before
{Heap before GC invocations=13 (full 2):
 PSYoungGen      total 202240K, used 200867K [0x00000007a0000000, 0x00000007ad880000, 0x00000007c0000000)
  eden space 185856K, 100% used [0x00000007a0000000,0x00000007ab580000,0x00000007ab580000)
  from space 16384K, 91% used [0x00000007ac700000,0x00000007ad5a8dc0,0x00000007ad700000)
  to   space 17920K, 0% used [0x00000007ab580000,0x00000007ab580000,0x00000007ac700000)
 ParOldGen       total 100864K, used 21439K [0x0000000760000000, 0x0000000766280000, 0x00000007a0000000)
  object space 100864K, 21% used [0x0000000760000000,0x00000007614efd38,0x0000000766280000)
 Metaspace       used 56593K, capacity 58328K, committed 58496K, reserved 1099776K
  class space    used 7822K, capacity 8227K, committed 8320K, reserved 1048576K
Event: 26.730 GC heap after
Heap after GC invocations=13 (full 2):
 PSYoungGen      total 203776K, used 17909K [0x00000007a0000000, 0x00000007b0700000, 0x00000007c0000000)
  eden space 185856K, 0% used [0x00000007a0000000,0x00000007a0000000,0x00000007ab580000)
  from space 17920K, 99% used [0x00000007ab580000,0x00000007ac6fd7e0,0x00000007ac700000)
  to   space 23040K, 0% used [0x00000007af080000,0x00000007af080000,0x00000007b0700000)
 ParOldGen       total 100864K, used 28297K [0x0000000760000000, 0x0000000766280000, 0x00000007a0000000)
  object space 100864K, 28% used [0x0000000760000000,0x0000000761ba2680,0x0000000766280000)
 Metaspace       used 56593K, capacity 58328K, committed 58496K, reserved 1099776K
  class space    used 7822K, capacity 8227K, committed 8320K, reserved 1048576K
}
Event: 29.021 GC heap before
{Heap before GC invocations=14 (full 2):
 PSYoungGen      total 203776K, used 203765K [0x00000007a0000000, 0x00000007b0700000, 0x00000007c0000000)
  eden space 185856K, 100% used [0x00000007a0000000,0x00000007ab580000,0x00000007ab580000)
  from space 17920K, 99% used [0x00000007ab580000,0x00000007ac6fd7e0,0x00000007ac700000)
  to   space 23040K, 0% used [0x00000007af080000,0x00000007af080000,0x00000007b0700000)
 ParOldGen       total 100864K, used 28297K [0x0000000760000000, 0x0000000766280000, 0x00000007a0000000)
  object space 100864K, 28% used [0x0000000760000000,0x0000000761ba2680,0x0000000766280000)
 Metaspace       used 57095K, capacity 58846K, committed 59008K, reserved 1099776K
  class space    used 7868K, capacity 8268K, committed 8320K, reserved 1048576K
Event: 29.061 GC heap after
Heap after GC invocations=14 (full 2):
 PSYoungGen      total 247296K, used 11509K [0x00000007a0000000, 0x00000007b0a80000, 0x00000007c0000000)
  eden space 224256K, 0% used [0x00000007a0000000,0x00000007a0000000,0x00000007adb00000)
  from space 23040K, 49% used [0x00000007af080000,0x00000007afbbd698,0x00000007b0700000)
  to   space 22016K, 0% used [0x00000007adb00000,0x00000007adb00000,0x00000007af080000)
 ParOldGen       total 100864K, used 35117K [0x0000000760000000, 0x0000000766280000, 0x00000007a0000000)
  object space 100864K, 34% used [0x0000000760000000,0x000000076224b5a8,0x0000000766280000)
 Metaspace       used 57095K, capacity 58846K, committed 59008K, reserved 1099776K
  class space    used 7868K, capacity 8268K, committed 8320K, reserved 1048576K
}
Event: 29.462 GC heap before
{Heap before GC invocations=15 (full 2):
 PSYoungGen      total 247296K, used 81298K [0x00000007a0000000, 0x00000007b0a80000, 0x00000007c0000000)
  eden space 224256K, 31% used [0x00000007a0000000,0x00000007a4427408,0x00000007adb00000)
  from space 23040K, 49% used [0x00000007af080000,0x00000007afbbd698,0x00000007b0700000)
  to   space 22016K, 0% used [0x00000007adb00000,0x00000007adb00000,0x00000007af080000)
 ParOldGen       total 100864K, used 35117K [0x0000000760000000, 0x0000000766280000, 0x00000007a0000000)
  object space 100864K, 34% used [0x0000000760000000,0x000000076224b5a8,0x0000000766280000)
 Metaspace       used 57381K, capacity 59090K, committed 59160K, reserved 1099776K
  class space    used 7911K, capacity 8308K, committed 8320K, reserved 1048576K
Event: 29.483 GC heap after
Heap after GC invocations=15 (full 2):
 PSYoungGen      total 246272K, used 10689K [0x00000007a0000000, 0x00000007b4b00000, 0x00000007c0000000)
  eden space 224256K, 0% used [0x00000007a0000000,0x00000007a0000000,0x00000007adb00000)
  from space 22016K, 48% used [0x00000007adb00000,0x00000007ae5704c0,0x00000007af080000)
  to   space 20992K, 0% used [0x00000007b3680000,0x00000007b3680000,0x00000007b4b00000)
 ParOldGen       total 100864K, used 35125K [0x0000000760000000, 0x0000000766280000, 0x00000007a0000000)
  object space 100864K, 34% used [0x0000000760000000,0x000000076224d5a8,0x0000000766280000)
 Metaspace       used 57381K, capacity 59090K, committed 59160K, reserved 1099776K
  class space    used 7911K, capacity 8308K, committed 8320K, reserved 1048576K
}
Event: 29.483 GC heap before
{Heap before GC invocations=16 (full 3):
 PSYoungGen      total 246272K, used 10689K [0x00000007a0000000, 0x00000007b4b00000, 0x00000007c0000000)
  eden space 224256K, 0% used [0x00000007a0000000,0x00000007a0000000,0x00000007adb00000)
  from space 22016K, 48% used [0x00000007adb00000,0x00000007ae5704c0,0x00000007af080000)
  to   space 20992K, 0% used [0x00000007b3680000,0x00000007b3680000,0x00000007b4b00000)
 ParOldGen       total 100864K, used 35125K [0x0000000760000000, 0x0000000766280000, 0x00000007a0000000)
  object space 100864K, 34% used [0x0000000760000000,0x000000076224d5a8,0x0000000766280000)
 Metaspace       used 57381K, capacity 59090K, committed 59160K, reserved 1099776K
  class space    used 7911K, capacity 8308K, committed 8320K, reserved 1048576K

