# JRE version: Java(TM) SE Runtime Environment (8.0_25-b17) (build 1.8.0_25-b17)
# Java VM: Java HotSpot(TM) 64-Bit Server VM (25.25-b02 mixed mode bsd-amd64 compressed oops)
Heap:
 PSYoungGen      total 345600K, used 205254K [0x00000007a0000000, 0x00000007ba600000, 0x00000007c0000000)
  eden space 288768K, 61% used [0x00000007a0000000,0x00000007aac400a0,0x00000007b1a00000)
  from space 56832K, 50% used [0x00000007b6e80000,0x00000007b8ab1940,0x00000007ba600000)
  to   space 71680K, 0% used [0x00000007b1a00000,0x00000007b1a00000,0x00000007b6000000)
 ParOldGen       total 148992K, used 48576K [0x0000000760000000, 0x0000000769180000, 0x00000007a0000000)
  object space 148992K, 32% used [0x0000000760000000,0x0000000762f70048,0x0000000769180000)
 Metaspace       used 93342K, capacity 98420K, committed 98688K, reserved 1134592K
  class space    used 12009K, capacity 12838K, committed 12928K, reserved 1048576K
GC Heap History (10 events):
Event: 18021.569 GC heap before
{Heap before GC invocations=50 (full 7):
 PSYoungGen      total 385024K, used 108676K [0x00000007a0000000, 0x00000007bd600000, 0x00000007c0000000)
  eden space 322560K, 22% used [0x00000007a0000000,0x00000007a47e27d0,0x00000007b3b00000)
  from space 62464K, 56% used [0x00000007b9900000,0x00000007bbb3e960,0x00000007bd600000)
  to   space 79360K, 0% used [0x00000007b3b00000,0x00000007b3b00000,0x00000007b8880000)
 ParOldGen       total 148992K, used 37126K [0x0000000760000000, 0x0000000769180000, 0x00000007a0000000)
  object space 148992K, 24% used [0x0000000760000000,0x0000000762441b08,0x0000000769180000)
 Metaspace       used 92454K, capacity 96686K, committed 98176K, reserved 1134592K
  class space    used 11856K, capacity 12581K, committed 12928K, reserved 1048576K
Event: 18021.603 GC heap after
Heap after GC invocations=50 (full 7):
 PSYoungGen      total 357888K, used 35002K [0x00000007a0000000, 0x00000007bce00000, 0x00000007c0000000)
  eden space 322560K, 0% used [0x00000007a0000000,0x00000007a0000000,0x00000007b3b00000)
  from space 35328K, 99% used [0x00000007b3b00000,0x00000007b5d2e9b0,0x00000007b5d80000)
  to   space 75264K, 0% used [0x00000007b8480000,0x00000007b8480000,0x00000007bce00000)
 ParOldGen       total 148992K, used 37126K [0x0000000760000000, 0x0000000769180000, 0x00000007a0000000)
  object space 148992K, 24% used [0x0000000760000000,0x0000000762441b08,0x0000000769180000)
 Metaspace       used 92454K, capacity 96686K, committed 98176K, reserved 1134592K
  class space    used 11856K, capacity 12581K, committed 12928K, reserved 1048576K
}
Event: 18021.603 GC heap before
{Heap before GC invocations=51 (full 8):
 PSYoungGen      total 357888K, used 35002K [0x00000007a0000000, 0x00000007bce00000, 0x00000007c0000000)
  eden space 322560K, 0% used [0x00000007a0000000,0x00000007a0000000,0x00000007b3b00000)
  from space 35328K, 99% used [0x00000007b3b00000,0x00000007b5d2e9b0,0x00000007b5d80000)
  to   space 75264K, 0% used [0x00000007b8480000,0x00000007b8480000,0x00000007bce00000)
 ParOldGen       total 148992K, used 37126K [0x0000000760000000, 0x0000000769180000, 0x00000007a0000000)
  object space 148992K, 24% used [0x0000000760000000,0x0000000762441b08,0x0000000769180000)
 Metaspace       used 92454K, capacity 96686K, committed 98176K, reserved 1134592K
  class space    used 11856K, capacity 12581K, committed 12928K, reserved 1048576K
Event: 18022.118 GC heap after
Heap after GC invocations=51 (full 8):
 PSYoungGen      total 357888K, used 0K [0x00000007a0000000, 0x00000007bce00000, 0x00000007c0000000)
  eden space 322560K, 0% used [0x00000007a0000000,0x00000007a0000000,0x00000007b3b00000)
  from space 35328K, 0% used [0x00000007b3b00000,0x00000007b3b00000,0x00000007b5d80000)
  to   space 75264K, 0% used [0x00000007b8480000,0x00000007b8480000,0x00000007bce00000)
 ParOldGen       total 148992K, used 48552K [0x0000000760000000, 0x0000000769180000, 0x00000007a0000000)
  object space 148992K, 32% used [0x0000000760000000,0x0000000762f6a048,0x0000000769180000)
 Metaspace       used 92293K, capacity 96428K, committed 98176K, reserved 1134592K
  class space    used 11832K, capacity 12538K, committed 12928K, reserved 1048576K
}
Event: 18718.240 GC heap before
{Heap before GC invocations=52 (full 8):
 PSYoungGen      total 357888K, used 322560K [0x00000007a0000000, 0x00000007bce00000, 0x00000007c0000000)
  eden space 322560K, 100% used [0x00000007a0000000,0x00000007b3b00000,0x00000007b3b00000)
  from space 35328K, 0% used [0x00000007b3b00000,0x00000007b3b00000,0x00000007b5d80000)
  to   space 75264K, 0% used [0x00000007b8480000,0x00000007b8480000,0x00000007bce00000)
 ParOldGen       total 148992K, used 48552K [0x0000000760000000, 0x0000000769180000, 0x00000007a0000000)
  object space 148992K, 32% used [0x0000000760000000,0x0000000762f6a048,0x0000000769180000)
 Metaspace       used 92336K, capacity 96470K, committed 98176K, reserved 1134592K
  class space    used 11837K, capacity 12545K, committed 12928K, reserved 1048576K
Event: 18718.274 GC heap after
Heap after GC invocations=52 (full 8):
 PSYoungGen      total 374272K, used 11745K [0x00000007a0000000, 0x00000007bc280000, 0x00000007c0000000)
  eden space 310784K, 0% used [0x00000007a0000000,0x00000007a0000000,0x00000007b2f80000)
  from space 63488K, 18% used [0x00000007b8480000,0x00000007b8ff8738,0x00000007bc280000)
  to   space 75264K, 0% used [0x00000007b2f80000,0x00000007b2f80000,0x00000007b7900000)
 ParOldGen       total 148992K, used 48560K [0x0000000760000000, 0x0000000769180000, 0x00000007a0000000)
  object space 148992K, 32% used [0x0000000760000000,0x0000000762f6c048,0x0000000769180000)
 Metaspace       used 92336K, capacity 96470K, committed 98176K, reserved 1134592K
  class space    used 11837K, capacity 12545K, committed 12928K, reserved 1048576K
}
Event: 18807.185 GC heap before
{Heap before GC invocations=53 (full 8):
 PSYoungGen      total 374272K, used 322529K [0x00000007a0000000, 0x00000007bc280000, 0x00000007c0000000)
  eden space 310784K, 100% used [0x00000007a0000000,0x00000007b2f80000,0x00000007b2f80000)
  from space 63488K, 18% used [0x00000007b8480000,0x00000007b8ff8738,0x00000007bc280000)
  to   space 75264K, 0% used [0x00000007b2f80000,0x00000007b2f80000,0x00000007b7900000)
 ParOldGen       total 148992K, used 48560K [0x0000000760000000, 0x0000000769180000, 0x00000007a0000000)
  object space 148992K, 32% used [0x0000000760000000,0x0000000762f6c048,0x0000000769180000)
 Metaspace       used 93212K, capacity 98248K, committed 98432K, reserved 1134592K
  class space    used 11999K, capacity 12834K, committed 12928K, reserved 1048576K
Event: 18807.201 GC heap after
Heap after GC invocations=53 (full 8):
 PSYoungGen      total 306688K, used 6977K [0x00000007a0000000, 0x00000007bb880000, 0x00000007c0000000)
  eden space 299520K, 0% used [0x00000007a0000000,0x00000007a0000000,0x00000007b2480000)
  from space 7168K, 97% used [0x00000007b2f80000,0x00000007b3650508,0x00000007b3680000)
  to   space 75776K, 0% used [0x00000007b6e80000,0x00000007b6e80000,0x00000007bb880000)
 ParOldGen       total 148992K, used 48568K [0x0000000760000000, 0x0000000769180000, 0x00000007a0000000)
  object space 148992K, 32% used [0x0000000760000000,0x0000000762f6e048,0x0000000769180000)
 Metaspace       used 93212K, capacity 98248K, committed 98432K, reserved 1134592K
  class space    used 11999K, capacity 12834K, committed 12928K, reserved 1048576K
}
Event: 18816.596 GC heap before
{Heap before GC invocations=54 (full 8):
 PSYoungGen      total 306688K, used 306497K [0x00000007a0000000, 0x00000007bb880000, 0x00000007c0000000)
  eden space 299520K, 100% used [0x00000007a0000000,0x00000007b2480000,0x00000007b2480000)
  from space 7168K, 97% used [0x00000007b2f80000,0x00000007b3650508,0x00000007b3680000)
  to   space 75776K, 0% used [0x00000007b6e80000,0x00000007b6e80000,0x00000007bb880000)
 ParOldGen       total 148992K, used 48568K [0x0000000760000000, 0x0000000769180000, 0x00000007a0000000)
  object space 148992K, 32% used [0x0000000760000000,0x0000000762f6e048,0x0000000769180000)
 Metaspace       used 93336K, capacity 98356K, committed 98688K, reserved 1134592K
  class space    used 12009K, capacity 12838K, committed 12928K, reserved 1048576K
Event: 18816.659 GC heap after
Heap after GC invocations=54 (full 8):
 PSYoungGen      total 345600K, used 28870K [0x00000007a0000000, 0x00000007ba600000, 0x00000007c0000000)
  eden space 288768K, 0% used [0x00000007a0000000,0x00000007a0000000,0x00000007b1a00000)
  from space 56832K, 50% used [0x00000007b6e80000,0x00000007b8ab1940,0x00000007ba600000)
  to   space 71680K, 0% used [0x00000007b1a00000,0x00000007b1a00000,0x00000007b6000000)
 ParOldGen       total 148992K, used 48576K [0x0000000760000000, 0x0000000769180000, 0x00000007a0000000)
  object space 148992K, 32% used [0x0000000760000000,0x0000000762f70048,0x0000000769180000)
 Metaspace       used 93336K, capacity 98356K, committed 98688K, reserved 1134592K
  class space    used 12009K, capacity 12838K, committed 12928K, reserved 1048576K
}

