# JRE version: Java(TM) SE Runtime Environment (8.0_25-b17) (build 1.8.0_25-b17)
# Java VM: Java HotSpot(TM) 64-Bit Server VM (25.25-b02 mixed mode bsd-amd64 compressed oops)
Heap:
 PSYoungGen      total 344064K, used 338298K [0x00000007a0000000, 0x00000007ba800000, 0x00000007c0000000)
  eden space 318464K, 100% used [0x00000007a0000000,0x00000007b3700000,0x00000007b3700000)
  from space 25600K, 77% used [0x00000007b3700000,0x00000007b4a5e8e0,0x00000007b5000000)
  to   space 27136K, 99% used [0x00000007b8d80000,0x00000007ba7fb758,0x00000007ba800000)
 ParOldGen       total 1048576K, used 46653K [0x0000000760000000, 0x00000007a0000000, 0x00000007a0000000)
  object space 1048576K, 4% used [0x0000000760000000,0x0000000762d8f5e0,0x00000007a0000000)
 Metaspace       used 87050K, capacity 90058K, committed 90152K, reserved 1126400K
  class space    used 11671K, capacity 12254K, committed 12328K, reserved 1048576K
GC Heap History (10 events):
Event: 158.012 GC heap after
Heap after GC invocations=13 (full 2):
 PSYoungGen      total 290304K, used 21310K [0x00000007a0000000, 0x00000007b6980000, 0x00000007c0000000)
  eden space 266752K, 0% used [0x00000007a0000000,0x00000007a0000000,0x00000007b0480000)
  from space 23552K, 90% used [0x00000007b0480000,0x00000007b194fb40,0x00000007b1b80000)
  to   space 26112K, 0% used [0x00000007b5000000,0x00000007b5000000,0x00000007b6980000)
 ParOldGen       total 110080K, used 26017K [0x0000000760000000, 0x0000000766b80000, 0x00000007a0000000)
  object space 110080K, 23% used [0x0000000760000000,0x00000007619686f0,0x0000000766b80000)
 Metaspace       used 57622K, capacity 59078K, committed 59160K, reserved 1099776K
  class space    used 7742K, capacity 8075K, committed 8104K, reserved 1048576K
}
Event: 158.012 GC heap before
{Heap before GC invocations=14 (full 3):
 PSYoungGen      total 290304K, used 21310K [0x00000007a0000000, 0x00000007b6980000, 0x00000007c0000000)
  eden space 266752K, 0% used [0x00000007a0000000,0x00000007a0000000,0x00000007b0480000)
  from space 23552K, 90% used [0x00000007b0480000,0x00000007b194fb40,0x00000007b1b80000)
  to   space 26112K, 0% used [0x00000007b5000000,0x00000007b5000000,0x00000007b6980000)
 ParOldGen       total 110080K, used 26017K [0x0000000760000000, 0x0000000766b80000, 0x00000007a0000000)
  object space 110080K, 23% used [0x0000000760000000,0x00000007619686f0,0x0000000766b80000)
 Metaspace       used 57622K, capacity 59078K, committed 59160K, reserved 1099776K
  class space    used 7742K, capacity 8075K, committed 8104K, reserved 1048576K
Event: 158.289 GC heap after
Heap after GC invocations=14 (full 3):
 PSYoungGen      total 290304K, used 0K [0x00000007a0000000, 0x00000007b6980000, 0x00000007c0000000)
  eden space 266752K, 0% used [0x00000007a0000000,0x00000007a0000000,0x00000007b0480000)
  from space 23552K, 0% used [0x00000007b0480000,0x00000007b0480000,0x00000007b1b80000)
  to   space 26112K, 0% used [0x00000007b5000000,0x00000007b5000000,0x00000007b6980000)
 ParOldGen       total 157696K, used 34885K [0x0000000760000000, 0x0000000769a00000, 0x00000007a0000000)
  object space 157696K, 22% used [0x0000000760000000,0x0000000762211518,0x0000000769a00000)
 Metaspace       used 57580K, capacity 58972K, committed 59160K, reserved 1099776K
  class space    used 7729K, capacity 8061K, committed 8104K, reserved 1048576K
}
Event: 166.683 GC heap before
{Heap before GC invocations=15 (full 3):
 PSYoungGen      total 290304K, used 266752K [0x00000007a0000000, 0x00000007b6980000, 0x00000007c0000000)
  eden space 266752K, 100% used [0x00000007a0000000,0x00000007b0480000,0x00000007b0480000)
  from space 23552K, 0% used [0x00000007b0480000,0x00000007b0480000,0x00000007b1b80000)
  to   space 26112K, 0% used [0x00000007b5000000,0x00000007b5000000,0x00000007b6980000)
 ParOldGen       total 157696K, used 34885K [0x0000000760000000, 0x0000000769a00000, 0x00000007a0000000)
  object space 157696K, 22% used [0x0000000760000000,0x0000000762211518,0x0000000769a00000)
 Metaspace       used 66526K, capacity 68406K, committed 68520K, reserved 1107968K
  class space    used 8901K, capacity 9314K, committed 9384K, reserved 1048576K
Event: 166.712 GC heap after
Heap after GC invocations=15 (full 3):
 PSYoungGen      total 344576K, used 14258K [0x00000007a0000000, 0x00000007b6f00000, 0x00000007c0000000)
  eden space 318464K, 0% used [0x00000007a0000000,0x00000007a0000000,0x00000007b3700000)
  from space 26112K, 54% used [0x00000007b5000000,0x00000007b5decb38,0x00000007b6980000)
  to   space 25600K, 0% used [0x00000007b3700000,0x00000007b3700000,0x00000007b5000000)
 ParOldGen       total 157696K, used 34893K [0x0000000760000000, 0x0000000769a00000, 0x00000007a0000000)
  object space 157696K, 22% used [0x0000000760000000,0x0000000762213518,0x0000000769a00000)
 Metaspace       used 66526K, capacity 68406K, committed 68520K, reserved 1107968K
  class space    used 8901K, capacity 9314K, committed 9384K, reserved 1048576K
}
Event: 179.467 GC heap before
{Heap before GC invocations=16 (full 3):
 PSYoungGen      total 344576K, used 332722K [0x00000007a0000000, 0x00000007b6f00000, 0x00000007c0000000)
  eden space 318464K, 100% used [0x00000007a0000000,0x00000007b3700000,0x00000007b3700000)
  from space 26112K, 54% used [0x00000007b5000000,0x00000007b5decb38,0x00000007b6980000)
  to   space 25600K, 0% used [0x00000007b3700000,0x00000007b3700000,0x00000007b5000000)
 ParOldGen       total 157696K, used 34893K [0x0000000760000000, 0x0000000769a00000, 0x00000007a0000000)
  object space 157696K, 22% used [0x0000000760000000,0x0000000762213518,0x0000000769a00000)
 Metaspace       used 73549K, capacity 75514K, committed 75688K, reserved 1114112K
  class space    used 9883K, capacity 10282K, committed 10408K, reserved 1048576K
Event: 179.505 GC heap after
Heap after GC invocations=16 (full 3):
 PSYoungGen      total 344064K, used 19834K [0x00000007a0000000, 0x00000007ba800000, 0x00000007c0000000)
  eden space 318464K, 0% used [0x00000007a0000000,0x00000007a0000000,0x00000007b3700000)
  from space 25600K, 77% used [0x00000007b3700000,0x00000007b4a5e8e0,0x00000007b5000000)
  to   space 27136K, 0% used [0x00000007b8d80000,0x00000007b8d80000,0x00000007ba800000)
 ParOldGen       total 157696K, used 34901K [0x0000000760000000, 0x0000000769a00000, 0x00000007a0000000)
  object space 157696K, 22% used [0x0000000760000000,0x0000000762215518,0x0000000769a00000)
 Metaspace       used 73549K, capacity 75514K, committed 75688K, reserved 1114112K
  class space    used 9883K, capacity 10282K, committed 10408K, reserved 1048576K
}
Event: 185.173 GC heap before
{Heap before GC invocations=17 (full 3):
 PSYoungGen      total 344064K, used 338298K [0x00000007a0000000, 0x00000007ba800000, 0x00000007c0000000)
  eden space 318464K, 100% used [0x00000007a0000000,0x00000007b3700000,0x00000007b3700000)
  from space 25600K, 77% used [0x00000007b3700000,0x00000007b4a5e8e0,0x00000007b5000000)
  to   space 27136K, 0% used [0x00000007b8d80000,0x00000007b8d80000,0x00000007ba800000)
 ParOldGen       total 157696K, used 34901K [0x0000000760000000, 0x0000000769a00000, 0x00000007a0000000)
  object space 157696K, 22% used [0x0000000760000000,0x0000000762215518,0x0000000769a00000)
 Metaspace       used 87050K, capacity 90058K, committed 90152K, reserved 1126400K
  class space    used 11671K, capacity 12254K, committed 12328K, reserved 1048576K
Event: 185.333 GC heap after
Heap after GC invocations=17 (full 3):
 PSYoungGen      total 344064K, used 338298K [0x00000007a0000000, 0x00000007ba800000, 0x00000007c0000000)
  eden space 318464K, 100% used [0x00000007a0000000,0x00000007b3700000,0x00000007b3700000)
  from space 25600K, 77% used [0x00000007b3700000,0x00000007b4a5e8e0,0x00000007b5000000)
  to   space 27136K, 99% used [0x00000007b8d80000,0x00000007ba7fb758,0x00000007ba800000)
 ParOldGen       total 1048576K, used 46653K [0x0000000760000000, 0x00000007a0000000, 0x00000007a0000000)
  object space 1048576K, 4% used [0x0000000760000000,0x0000000762d8f5e0,0x00000007a0000000)
 Metaspace       used 87050K, capacity 90058K, committed 90152K, reserved 1126400K
  class space    used 11671K, capacity 12254K, committed 12328K, reserved 1048576K
}
Event: 185.333 GC heap before
{Heap before GC invocations=18 (full 4):
 PSYoungGen      total 344064K, used 338298K [0x00000007a0000000, 0x00000007ba800000, 0x00000007c0000000)
  eden space 318464K, 100% used [0x00000007a0000000,0x00000007b3700000,0x00000007b3700000)
  from space 25600K, 77% used [0x00000007b3700000,0x00000007b4a5e8e0,0x00000007b5000000)
  to   space 27136K, 99% used [0x00000007b8d80000,0x00000007ba7fb758,0x00000007ba800000)
 ParOldGen       total 1048576K, used 46653K [0x0000000760000000, 0x00000007a0000000, 0x00000007a0000000)
  object space 1048576K, 4% used [0x0000000760000000,0x0000000762d8f5e0,0x00000007a0000000)
 Metaspace       used 87050K, capacity 90058K, committed 90152K, reserved 1126400K
  class space    used 11671K, capacity 12254K, committed 12328K, reserved 1048576K

